2025-09-18 12:31:38,408 DEBUG [comtypes] CoInitializeEx(None, 2)
2025-09-18 12:31:38,471 INFO [comtypes.client._code_cache] Imported existing <module 'comtypes.gen' from 'C:\\projekter\\win-dir-fan\\.venv\\Lib\\site-packages\\comtypes\\gen\\__init__.py'>
2025-09-18 12:31:38,471 INFO [comtypes.client._code_cache] Using writeable comtypes cache directory: 'C:\projekter\win-dir-fan\.venv\Lib\site-packages\comtypes\gen'
2025-09-18 12:31:38,571 INFO [root] Launching application with directory=C:\Users\au19277\Downloads max_items=15
2025-09-18 12:31:38,757 DEBUG [root] Main window created and moved off-screen
2025-09-18 12:31:38,961 INFO [root] Startup directory=C:\Users\au19277\Downloads max_items=15 platform=Windows-11-10.0.26100-SP0 python=3.13.7
2025-09-18 12:31:38,967 DEBUG [root] eventFilter watched=<PySide6.QtWidgets.QMainWindow(0x2d4f05ff3c0) at 0x000002D4F1DEB680> event_type=74
2025-09-18 12:31:38,968 DEBUG [root] eventFilter watched=<PySide6.QtWidgets.QMainWindow(0x2d4f05ff3c0) at 0x000002D4F1DEB680> event_type=78
2025-09-18 12:31:38,968 DEBUG [root] eventFilter watched=<PySide6.QtWidgets.QMainWindow(0x2d4f05ff3c0) at 0x000002D4F1DEB680> event_type=77
2025-09-18 12:31:38,968 DEBUG [root] eventFilter watched=<PySide6.QtWidgets.QMainWindow(0x2d4f05ff3c0) at 0x000002D4F1DEB680> event_type=24
2025-09-18 12:31:38,968 DEBUG [root] Activation ignored due to startup grace period
2025-09-18 12:31:38,968 DEBUG [root] eventFilter watched=<PySide6.QtWidgets.QMainWindow(0x2d4f05ff3c0) at 0x000002D4F1DEB680> event_type=99
2025-09-18 12:31:38,968 DEBUG [root] eventFilter watched=<PySide6.QtWidgets.QMainWindow(0x2d4f05ff3c0) at 0x000002D4F1DEB680> event_type=207
2025-09-18 12:31:38,972 DEBUG [root] eventFilter watched=<PySide6.QtWidgets.QMainWindow(0x2d4f05ff3c0) at 0x000002D4F1DEB680> event_type=12
2025-09-18 12:31:42,825 DEBUG [root] eventFilter watched=<PySide6.QtWidgets.QMainWindow(0x2d4f05ff3c0) at 0x000002D4F1DEB680> event_type=25
2025-09-18 12:31:42,825 DEBUG [root] eventFilter watched=<PySide6.QtWidgets.QMainWindow(0x2d4f05ff3c0) at 0x000002D4F1DEB680> event_type=99
2025-09-18 12:31:42,825 DEBUG [root] eventFilter watched=<PySide6.QtWidgets.QMainWindow(0x2d4f05ff3c0) at 0x000002D4F1DEB680> event_type=105
2025-09-18 12:31:42,826 DEBUG [root] Activation cursor pos=1330,1044 in_taskbar=True taskbar_h=48 taskbar_w=0
2025-09-18 12:31:42,827 DEBUG [root] Creating FanWindow instance
2025-09-18 12:31:42,837 DEBUG [root] Refreshing fan contents
2025-09-18 12:31:42,869 DEBUG [windows-dir-fan.fan_widget] Dynamic thumb size change: 36 -> 54 (n=10 targetH=516)
2025-09-18 12:31:42,869 DEBUG [windows-dir-fan.fan_widget] Refresh started for C:\Users\au19277\Downloads; 10 files queued
2025-09-18 12:31:42,869 DEBUG [root] Showing fan at 1220,436
2025-09-18 12:31:42,869 DEBUG [windows-dir-fan.fan_widget] Fan.show() called
2025-09-18 12:31:42,877 DEBUG [windows-dir-fan.fan_widget] Fan showEvent
2025-09-18 12:31:42,878 DEBUG [windows-dir-fan.fan_widget] Installed global Qt event filter
2025-09-18 12:31:42,878 DEBUG [windows-dir-fan.fan_widget] Starting native Windows mouse hook
2025-09-18 12:31:42,882 DEBUG [windows-dir-fan.fan_widget] Low-level mouse hook install failed: hook_id=0 GetLastError=126
2025-09-18 12:31:42,886 ERROR [stdout] C:\projekter\win-dir-fan\fan_widget.py:1144: RuntimeWarning: Failed to disconnect (<bound method FanWindow._on_global_mouse of <fan_widget.FanWindow(0x2d4f06b3980) at 0x000002D4F53BBD80>>) from signal "globalMouse(int,int,int)".
  self.globalMouse.disconnect(self._on_global_mouse)
2025-09-18 12:31:42,887 DEBUG [windows-dir-fan.fan_widget] Starting polling detector fallback (unconditional)
2025-09-18 12:31:42,892 DEBUG [windows-dir-fan.fan_widget] Fan shown: ignore_mouse_until=1758191503169 ignore_focus_until=1758191503169 stay_open_until=1758191503469
2025-09-18 12:31:42,895 DEBUG [root] Handled activation; showing/hiding fan
2025-09-18 12:31:42,951 DEBUG [PIL.PngImagePlugin] STREAM b'IHDR' 16 13
2025-09-18 12:31:42,952 DEBUG [PIL.PngImagePlugin] STREAM b'IDAT' 41 4096
2025-09-18 12:31:42,976 DEBUG [windows-dir-fan.fan_widget] Disk high-res cache hit for .pdf size=54x54
2025-09-18 12:31:42,987 DEBUG [PIL.PngImagePlugin] STREAM b'IDAT' 243100 6
2025-09-18 12:31:43,074 DEBUG [comtypes._post_coinit.unknwn] Release <POINTER(IShellItem) ptr=0x2d4edbff058 at 2d4f56acad0>
2025-09-18 12:31:43,074 DEBUG [comtypes._post_coinit.unknwn] Release <POINTER(IShellItemImageFactory) ptr=0x2d4edbff060 at 2d4f30509d0>
2025-09-18 12:31:43,101 DEBUG [windows-dir-fan.fan_widget] Thumbnail ready for C:\Users\au19277\Downloads\MS AI Org implementering.pdf (native icon)
2025-09-18 12:31:43,131 DEBUG [windows-dir-fan.fan_widget] Thumbnail ready for C:\Users\au19277\Downloads\swedish-chef-sweden-t-shirt-swedish-cuisine-png-favpng-Djk2LHnW8Vwz2ExB7GMuxV3tr-removebg-preview.png (11357 bytes)
2025-09-18 12:31:43,148 DEBUG [windows-dir-fan.fan_widget] Thumbnail ready for C:\Users\au19277\Downloads\swedish-chef-sweden-t-shirt-swedish-cuisine-png-favpng-Djk2LHnW8Vwz2ExB7GMuxV3tr.jpg (12981 bytes)
2025-09-18 12:31:43,152 DEBUG [windows-dir-fan.fan_widget] Disk high-res cache hit for .xlsx size=54x54
2025-09-18 12:31:43,196 DEBUG [comtypes._post_coinit.unknwn] Release <POINTER(IShellItem) ptr=0x2d4f05f33e8 at 2d4f30cb0d0>
2025-09-18 12:31:43,196 DEBUG [comtypes._post_coinit.unknwn] Release <POINTER(IShellItemImageFactory) ptr=0x2d4f05f33f0 at 2d4f30cb150>
2025-09-18 12:31:43,211 DEBUG [windows-dir-fan.fan_widget] Thumbnail ready for C:\Users\au19277\Downloads\Uddannelsesbaggrund.xlsx (native icon)
2025-09-18 12:31:43,212 DEBUG [windows-dir-fan.fan_widget] Disk high-res cache hit for .xlsx size=54x54
2025-09-18 12:31:43,225 DEBUG [comtypes._post_coinit.unknwn] Release <POINTER(IShellItem) ptr=0x2d4f05f3768 at 2d4f30cb750>
2025-09-18 12:31:43,225 DEBUG [comtypes._post_coinit.unknwn] Release <POINTER(IShellItemImageFactory) ptr=0x2d4f05f3770 at 2d4f30cb7d0>
2025-09-18 12:31:43,235 DEBUG [windows-dir-fan.fan_widget] Thumbnail ready for C:\Users\au19277\Downloads\Ansřgning.xlsx (native icon)
2025-09-18 12:31:43,236 DEBUG [windows-dir-fan.fan_widget] Disk high-res cache hit for .xlsx size=54x54
2025-09-18 12:31:43,248 DEBUG [comtypes._post_coinit.unknwn] Release <POINTER(IShellItem) ptr=0x2d4f05f4568 at 2d4f30cbd50>
2025-09-18 12:31:43,248 DEBUG [comtypes._post_coinit.unknwn] Release <POINTER(IShellItemImageFactory) ptr=0x2d4f05f4570 at 2d4f30cbdd0>
2025-09-18 12:31:43,253 DEBUG [windows-dir-fan.fan_widget] Thumbnail ready for C:\Users\au19277\Downloads\CI Risikovurdering.xlsx (native icon)
2025-09-18 12:31:43,253 DEBUG [windows-dir-fan.fan_widget] Disk high-res cache hit for .xlsx size=54x54
2025-09-18 12:31:43,266 DEBUG [comtypes._post_coinit.unknwn] Release <POINTER(IShellItem) ptr=0x2d4f05f3d88 at 2d4f31143d0>
2025-09-18 12:31:43,266 DEBUG [comtypes._post_coinit.unknwn] Release <POINTER(IShellItemImageFactory) ptr=0x2d4f05f3d90 at 2d4f3114450>
2025-09-18 12:31:43,277 DEBUG [windows-dir-fan.fan_widget] Thumbnail ready for C:\Users\au19277\Downloads\Risikovurdering.xlsx (native icon)
2025-09-18 12:31:43,280 DEBUG [windows-dir-fan.fan_widget] Disk high-res cache hit for .xlsx size=54x54
2025-09-18 12:31:43,307 DEBUG [comtypes._post_coinit.unknwn] Release <POINTER(IShellItem) ptr=0x2d4f05f3d88 at 2d4f31149d0>
2025-09-18 12:31:43,307 DEBUG [comtypes._post_coinit.unknwn] Release <POINTER(IShellItemImageFactory) ptr=0x2d4f05f3d90 at 2d4f3114a50>
2025-09-18 12:31:43,322 DEBUG [windows-dir-fan.fan_widget] Thumbnail ready for C:\Users\au19277\Downloads\esdh-im.xlsx (native icon)
2025-09-18 12:31:43,330 DEBUG [windows-dir-fan.fan_widget] Disk high-res cache hit for .html size=54x54
2025-09-18 12:31:43,370 DEBUG [comtypes._post_coinit.unknwn] Release <POINTER(IShellItem) ptr=0x2d4f05f3688 at 2d4f3114fd0>
2025-09-18 12:31:43,370 DEBUG [comtypes._post_coinit.unknwn] Release <POINTER(IShellItemImageFactory) ptr=0x2d4f05f3690 at 2d4f3115050>
2025-09-18 12:31:43,386 DEBUG [windows-dir-fan.fan_widget] Thumbnail ready for C:\Users\au19277\Downloads\test.html (native icon)
2025-09-18 12:31:43,387 DEBUG [windows-dir-fan.fan_widget] Disk high-res cache hit for .json size=54x54
2025-09-18 12:31:43,422 DEBUG [comtypes._post_coinit.unknwn] Release <POINTER(IShellItem) ptr=0x2d4f05f4aa8 at 2d4f31153d0>
2025-09-18 12:31:43,423 DEBUG [comtypes._post_coinit.unknwn] Release <POINTER(IShellItemImageFactory) ptr=0x2d4f05f4ab0 at 2d4f3115350>
2025-09-18 12:31:43,432 DEBUG [windows-dir-fan.fan_widget] Thumbnail ready for C:\Users\au19277\Downloads\data.json (native icon)
2025-09-18 12:31:46,006 DEBUG [windows-dir-fan.fan_widget] PollingDetector saw LMB at 1333,1055
2025-09-18 12:31:46,024 DEBUG [windows-dir-fan.fan_widget] Native hook signal received: x=1333 y=1055 wParam=513
2025-09-18 12:31:46,025 DEBUG [windows-dir-fan.fan_widget] Native hook detected click at 1333,1055 outside fan; hiding
2025-09-18 12:31:46,025 DEBUG [windows-dir-fan.fan_widget] Fan.hide() called
2025-09-18 12:31:46,025 DEBUG [windows-dir-fan.fan_widget] Uninstalled global Qt event filter
2025-09-18 12:31:46,026 DEBUG [windows-dir-fan.fan_widget] Stopping native Windows mouse hook
2025-09-18 12:31:46,030 DEBUG [windows-dir-fan.fan_widget] Stopping polling detector
2025-09-18 12:31:46,164 DEBUG [root] eventFilter watched=<PySide6.QtWidgets.QMainWindow(0x2d4f05ff3c0) at 0x000002D4F1DEB680> event_type=105
2025-09-18 12:31:46,165 DEBUG [root] Activation cursor pos=1333,1055 in_taskbar=True taskbar_h=48 taskbar_w=0
2025-09-18 12:31:46,165 DEBUG [root] Refreshing fan contents
2025-09-18 12:31:46,209 DEBUG [windows-dir-fan.fan_widget] Refresh started for C:\Users\au19277\Downloads; 10 files queued
2025-09-18 12:31:46,209 DEBUG [root] Showing fan at 1223,585
2025-09-18 12:31:46,209 DEBUG [windows-dir-fan.fan_widget] Fan.show() called
2025-09-18 12:31:46,212 DEBUG [windows-dir-fan.fan_widget] Fan showEvent
2025-09-18 12:31:46,212 DEBUG [windows-dir-fan.fan_widget] Installed global Qt event filter
2025-09-18 12:31:46,213 DEBUG [windows-dir-fan.fan_widget] Starting native Windows mouse hook
2025-09-18 12:31:46,214 DEBUG [PIL.PngImagePlugin] STREAM b'IHDR' 16 13
2025-09-18 12:31:46,215 DEBUG [windows-dir-fan.fan_widget] Low-level mouse hook install failed: hook_id=0 GetLastError=126
2025-09-18 12:31:46,215 DEBUG [PIL.PngImagePlugin] STREAM b'IDAT' 41 4096
2025-09-18 12:31:46,216 DEBUG [windows-dir-fan.fan_widget] Starting polling detector fallback (unconditional)
2025-09-18 12:31:46,221 DEBUG [windows-dir-fan.fan_widget] Fan shown: ignore_mouse_until=1758191506508 ignore_focus_until=1758191506508 stay_open_until=1758191506808
2025-09-18 12:31:46,227 DEBUG [root] Handled activation; showing/hiding fan
2025-09-18 12:31:46,236 DEBUG [PIL.PngImagePlugin] STREAM b'IDAT' 243100 6
2025-09-18 12:31:46,246 DEBUG [root] eventFilter watched=<PySide6.QtWidgets.QMainWindow(0x2d4f05ff3c0) at 0x000002D4F1DEB680> event_type=24
2025-09-18 12:31:46,247 DEBUG [root] Activation ignored due to debounce
2025-09-18 12:31:46,247 DEBUG [root] eventFilter watched=<PySide6.QtWidgets.QMainWindow(0x2d4f05ff3c0) at 0x000002D4F1DEB680> event_type=99
2025-09-18 12:31:46,247 DEBUG [root] eventFilter watched=<PySide6.QtWidgets.QMainWindow(0x2d4f05ff3c0) at 0x000002D4F1DEB680> event_type=207
2025-09-18 12:31:46,247 DEBUG [root] eventFilter watched=<PySide6.QtWidgets.QMainWindow(0x2d4f05ff3c0) at 0x000002D4F1DEB680> event_type=25
2025-09-18 12:31:46,248 DEBUG [root] eventFilter watched=<PySide6.QtWidgets.QMainWindow(0x2d4f05ff3c0) at 0x000002D4F1DEB680> event_type=99
2025-09-18 12:31:46,248 DEBUG [root] eventFilter watched=<PySide6.QtWidgets.QMainWindow(0x2d4f05ff3c0) at 0x000002D4F1DEB680> event_type=24
2025-09-18 12:31:46,248 DEBUG [root] Activation ignored due to debounce
2025-09-18 12:31:46,248 DEBUG [root] eventFilter watched=<PySide6.QtWidgets.QMainWindow(0x2d4f05ff3c0) at 0x000002D4F1DEB680> event_type=99
2025-09-18 12:31:46,248 DEBUG [root] eventFilter watched=<PySide6.QtWidgets.QMainWindow(0x2d4f05ff3c0) at 0x000002D4F1DEB680> event_type=207
2025-09-18 12:31:46,255 DEBUG [windows-dir-fan.fan_widget] Disk high-res cache hit for .pdf size=54x54
2025-09-18 12:31:46,270 DEBUG [comtypes._post_coinit.unknwn] Release <POINTER(IShellItem) ptr=0x2d4f05f3688 at 2d4f5756350>
2025-09-18 12:31:46,271 DEBUG [comtypes._post_coinit.unknwn] Release <POINTER(IShellItemImageFactory) ptr=0x2d4f05f3690 at 2d4f5756450>
2025-09-18 12:31:46,276 DEBUG [windows-dir-fan.fan_widget] Thumbnail ready for C:\Users\au19277\Downloads\MS AI Org implementering.pdf (native icon)
2025-09-18 12:31:46,289 DEBUG [windows-dir-fan.fan_widget] Thumbnail ready for C:\Users\au19277\Downloads\swedish-chef-sweden-t-shirt-swedish-cuisine-png-favpng-Djk2LHnW8Vwz2ExB7GMuxV3tr-removebg-preview.png (11357 bytes)
2025-09-18 12:31:46,298 DEBUG [windows-dir-fan.fan_widget] Thumbnail ready for C:\Users\au19277\Downloads\swedish-chef-sweden-t-shirt-swedish-cuisine-png-favpng-Djk2LHnW8Vwz2ExB7GMuxV3tr.jpg (12981 bytes)
2025-09-18 12:31:46,299 DEBUG [windows-dir-fan.fan_widget] Disk high-res cache hit for .xlsx size=54x54
2025-09-18 12:31:46,312 DEBUG [comtypes._post_coinit.unknwn] Release <POINTER(IShellItem) ptr=0x2d4f05f3848 at 2d4f5756ad0>
2025-09-18 12:31:46,313 DEBUG [comtypes._post_coinit.unknwn] Release <POINTER(IShellItemImageFactory) ptr=0x2d4f05f3850 at 2d4f5756b50>
2025-09-18 12:31:46,320 DEBUG [windows-dir-fan.fan_widget] Thumbnail ready for C:\Users\au19277\Downloads\Uddannelsesbaggrund.xlsx (native icon)
2025-09-18 12:31:46,321 DEBUG [windows-dir-fan.fan_widget] Disk high-res cache hit for .xlsx size=54x54
2025-09-18 12:31:46,332 DEBUG [comtypes._post_coinit.unknwn] Release <POINTER(IShellItem) ptr=0x2d4f05f4e28 at 2d4f5756fd0>
2025-09-18 12:31:46,332 DEBUG [comtypes._post_coinit.unknwn] Release <POINTER(IShellItemImageFactory) ptr=0x2d4f05f4e30 at 2d4f57570d0>
2025-09-18 12:31:46,338 DEBUG [windows-dir-fan.fan_widget] Thumbnail ready for C:\Users\au19277\Downloads\Ansřgning.xlsx (native icon)
2025-09-18 12:31:46,338 DEBUG [windows-dir-fan.fan_widget] Disk high-res cache hit for .xlsx size=54x54
2025-09-18 12:31:46,352 DEBUG [comtypes._post_coinit.unknwn] Release <POINTER(IShellItem) ptr=0x2d4f05f4028 at 2d4f5757650>
2025-09-18 12:31:46,352 DEBUG [comtypes._post_coinit.unknwn] Release <POINTER(IShellItemImageFactory) ptr=0x2d4f05f4030 at 2d4f57576d0>
2025-09-18 12:31:46,364 DEBUG [windows-dir-fan.fan_widget] Thumbnail ready for C:\Users\au19277\Downloads\CI Risikovurdering.xlsx (native icon)
2025-09-18 12:31:46,365 DEBUG [windows-dir-fan.fan_widget] Disk high-res cache hit for .xlsx size=54x54
2025-09-18 12:31:46,384 DEBUG [comtypes._post_coinit.unknwn] Release <POINTER(IShellItem) ptr=0x2d4f05f4aa8 at 2d4f5757ad0>
2025-09-18 12:31:46,384 DEBUG [comtypes._post_coinit.unknwn] Release <POINTER(IShellItemImageFactory) ptr=0x2d4f05f4ab0 at 2d4f5757b50>
2025-09-18 12:31:46,397 DEBUG [windows-dir-fan.fan_widget] Thumbnail ready for C:\Users\au19277\Downloads\Risikovurdering.xlsx (native icon)
2025-09-18 12:31:46,398 DEBUG [windows-dir-fan.fan_widget] Disk high-res cache hit for .xlsx size=54x54
2025-09-18 12:31:46,417 DEBUG [comtypes._post_coinit.unknwn] Release <POINTER(IShellItem) ptr=0x2d4f05f4728 at 2d4f57b4150>
2025-09-18 12:31:46,417 DEBUG [comtypes._post_coinit.unknwn] Release <POINTER(IShellItemImageFactory) ptr=0x2d4f05f4730 at 2d4f57b41d0>
2025-09-18 12:31:46,428 DEBUG [windows-dir-fan.fan_widget] Thumbnail ready for C:\Users\au19277\Downloads\esdh-im.xlsx (native icon)
2025-09-18 12:31:46,430 DEBUG [windows-dir-fan.fan_widget] Disk high-res cache hit for .html size=54x54
2025-09-18 12:31:46,447 DEBUG [comtypes._post_coinit.unknwn] Release <POINTER(IShellItem) ptr=0x2d4f05f4028 at 2d4f57b4750>
2025-09-18 12:31:46,448 DEBUG [comtypes._post_coinit.unknwn] Release <POINTER(IShellItemImageFactory) ptr=0x2d4f05f4030 at 2d4f57b47d0>
2025-09-18 12:31:46,458 DEBUG [windows-dir-fan.fan_widget] Thumbnail ready for C:\Users\au19277\Downloads\test.html (native icon)
2025-09-18 12:31:46,459 DEBUG [windows-dir-fan.fan_widget] Disk high-res cache hit for .json size=54x54
2025-09-18 12:31:46,472 DEBUG [comtypes._post_coinit.unknwn] Release <POINTER(IShellItem) ptr=0x2d4f05f4aa8 at 2d4f57b4dd0>
2025-09-18 12:31:46,472 DEBUG [comtypes._post_coinit.unknwn] Release <POINTER(IShellItemImageFactory) ptr=0x2d4f05f4ab0 at 2d4f57b4e50>
2025-09-18 12:31:46,483 DEBUG [windows-dir-fan.fan_widget] Thumbnail ready for C:\Users\au19277\Downloads\data.json (native icon)
2025-09-18 12:31:48,844 DEBUG [windows-dir-fan.fan_widget] PollingDetector saw LMB at 1333,1055
2025-09-18 12:31:48,846 DEBUG [windows-dir-fan.fan_widget] Native hook signal received: x=1333 y=1055 wParam=513
2025-09-18 12:31:48,846 DEBUG [windows-dir-fan.fan_widget] Native hook detected click at 1333,1055 outside fan; hiding
2025-09-18 12:31:48,846 DEBUG [windows-dir-fan.fan_widget] Fan.hide() called
2025-09-18 12:31:48,847 DEBUG [windows-dir-fan.fan_widget] Uninstalled global Qt event filter
2025-09-18 12:31:48,847 DEBUG [windows-dir-fan.fan_widget] Stopping native Windows mouse hook
2025-09-18 12:31:48,847 DEBUG [windows-dir-fan.fan_widget] Stopping polling detector
2025-09-18 12:31:48,956 DEBUG [root] eventFilter watched=<PySide6.QtWidgets.QMainWindow(0x2d4f05ff3c0) at 0x000002D4F1DEB680> event_type=25
2025-09-18 12:31:48,956 DEBUG [root] eventFilter watched=<PySide6.QtWidgets.QMainWindow(0x2d4f05ff3c0) at 0x000002D4F1DEB680> event_type=99
2025-09-18 12:31:48,956 DEBUG [root] eventFilter watched=<PySide6.QtWidgets.QMainWindow(0x2d4f05ff3c0) at 0x000002D4F1DEB680> event_type=105
2025-09-18 12:31:48,957 DEBUG [root] Activation cursor pos=1333,1056 in_taskbar=True taskbar_h=48 taskbar_w=0
2025-09-18 12:31:48,957 DEBUG [root] Refreshing fan contents
2025-09-18 12:31:48,982 DEBUG [windows-dir-fan.fan_widget] Refresh started for C:\Users\au19277\Downloads; 10 files queued
2025-09-18 12:31:48,982 DEBUG [root] Showing fan at 1223,586
2025-09-18 12:31:48,982 DEBUG [windows-dir-fan.fan_widget] Fan.show() called
2025-09-18 12:31:48,983 DEBUG [windows-dir-fan.fan_widget] Fan showEvent
2025-09-18 12:31:48,983 DEBUG [windows-dir-fan.fan_widget] Installed global Qt event filter
2025-09-18 12:31:48,983 DEBUG [windows-dir-fan.fan_widget] Starting native Windows mouse hook
2025-09-18 12:31:48,984 DEBUG [windows-dir-fan.fan_widget] Starting polling detector fallback (unconditional)
2025-09-18 12:31:48,985 DEBUG [windows-dir-fan.fan_widget] Low-level mouse hook install failed: hook_id=0 GetLastError=126
2025-09-18 12:31:48,988 DEBUG [windows-dir-fan.fan_widget] Fan shown: ignore_mouse_until=1758191509281 ignore_focus_until=1758191509281 stay_open_until=1758191509581
2025-09-18 12:31:48,992 DEBUG [root] Handled activation; showing/hiding fan
2025-09-18 12:31:48,993 DEBUG [PIL.PngImagePlugin] STREAM b'IHDR' 16 13
2025-09-18 12:31:48,993 DEBUG [PIL.PngImagePlugin] STREAM b'IDAT' 41 4096
2025-09-18 12:31:49,009 DEBUG [PIL.PngImagePlugin] STREAM b'IDAT' 243100 6
2025-09-18 12:31:49,050 DEBUG [windows-dir-fan.fan_widget] Disk high-res cache hit for .pdf size=54x54
2025-09-18 12:31:49,093 DEBUG [comtypes._post_coinit.unknwn] Release <POINTER(IShellItem) ptr=0x2d4f05f4b88 at 2d4f57b5350>
2025-09-18 12:31:49,094 DEBUG [comtypes._post_coinit.unknwn] Release <POINTER(IShellItemImageFactory) ptr=0x2d4f05f4b90 at 2d4f57b5450>
2025-09-18 12:31:49,123 DEBUG [windows-dir-fan.fan_widget] Thumbnail ready for C:\Users\au19277\Downloads\MS AI Org implementering.pdf (native icon)
2025-09-18 12:31:49,142 DEBUG [windows-dir-fan.fan_widget] Thumbnail ready for C:\Users\au19277\Downloads\swedish-chef-sweden-t-shirt-swedish-cuisine-png-favpng-Djk2LHnW8Vwz2ExB7GMuxV3tr-removebg-preview.png (11357 bytes)
2025-09-18 12:31:49,160 DEBUG [windows-dir-fan.fan_widget] Thumbnail ready for C:\Users\au19277\Downloads\swedish-chef-sweden-t-shirt-swedish-cuisine-png-favpng-Djk2LHnW8Vwz2ExB7GMuxV3tr.jpg (12981 bytes)
2025-09-18 12:31:49,163 DEBUG [windows-dir-fan.fan_widget] Disk high-res cache hit for .xlsx size=54x54
2025-09-18 12:31:49,189 DEBUG [comtypes._post_coinit.unknwn] Release <POINTER(IShellItem) ptr=0x2d4f05f3848 at 2d4f57b5a50>
2025-09-18 12:31:49,189 DEBUG [comtypes._post_coinit.unknwn] Release <POINTER(IShellItemImageFactory) ptr=0x2d4f05f3850 at 2d4f57b5ad0>
2025-09-18 12:31:49,203 DEBUG [windows-dir-fan.fan_widget] Thumbnail ready for C:\Users\au19277\Downloads\Uddannelsesbaggrund.xlsx (native icon)
2025-09-18 12:31:49,204 DEBUG [windows-dir-fan.fan_widget] Disk high-res cache hit for .xlsx size=54x54
2025-09-18 12:31:49,223 DEBUG [comtypes._post_coinit.unknwn] Release <POINTER(IShellItem) ptr=0x2d4f05f4f08 at 2d4f57b5d50>
2025-09-18 12:31:49,224 DEBUG [comtypes._post_coinit.unknwn] Release <POINTER(IShellItemImageFactory) ptr=0x2d4f05f4f10 at 2d4f57b5ed0>
2025-09-18 12:31:49,235 DEBUG [windows-dir-fan.fan_widget] Thumbnail ready for C:\Users\au19277\Downloads\Ansřgning.xlsx (native icon)
2025-09-18 12:31:49,236 DEBUG [windows-dir-fan.fan_widget] Disk high-res cache hit for .xlsx size=54x54
2025-09-18 12:31:49,246 DEBUG [comtypes._post_coinit.unknwn] Release <POINTER(IShellItem) ptr=0x2d4f05f3bc8 at 2d4f57b5d50>
2025-09-18 12:31:49,246 DEBUG [comtypes._post_coinit.unknwn] Release <POINTER(IShellItemImageFactory) ptr=0x2d4f05f3bd0 at 2d4f57b6150>
2025-09-18 12:31:49,254 DEBUG [windows-dir-fan.fan_widget] Thumbnail ready for C:\Users\au19277\Downloads\CI Risikovurdering.xlsx (native icon)
2025-09-18 12:31:49,255 DEBUG [windows-dir-fan.fan_widget] Disk high-res cache hit for .xlsx size=54x54
2025-09-18 12:31:49,266 DEBUG [comtypes._post_coinit.unknwn] Release <POINTER(IShellItem) ptr=0x2d4f05f4108 at 2d4f57b5d50>
2025-09-18 12:31:49,266 DEBUG [comtypes._post_coinit.unknwn] Release <POINTER(IShellItemImageFactory) ptr=0x2d4f05f4110 at 2d4f57b6450>
2025-09-18 12:31:49,274 DEBUG [windows-dir-fan.fan_widget] Thumbnail ready for C:\Users\au19277\Downloads\Risikovurdering.xlsx (native icon)
2025-09-18 12:31:49,275 DEBUG [windows-dir-fan.fan_widget] Disk high-res cache hit for .xlsx size=54x54
2025-09-18 12:31:49,288 DEBUG [comtypes._post_coinit.unknwn] Release <POINTER(IShellItem) ptr=0x2d4f05f49c8 at 2d4f57b5d50>
2025-09-18 12:31:49,288 DEBUG [comtypes._post_coinit.unknwn] Release <POINTER(IShellItemImageFactory) ptr=0x2d4f05f49d0 at 2d4f57b6750>
2025-09-18 12:31:49,293 DEBUG [windows-dir-fan.fan_widget] Thumbnail ready for C:\Users\au19277\Downloads\esdh-im.xlsx (native icon)
2025-09-18 12:31:49,294 DEBUG [windows-dir-fan.fan_widget] Disk high-res cache hit for .html size=54x54
2025-09-18 12:31:49,306 DEBUG [comtypes._post_coinit.unknwn] Release <POINTER(IShellItem) ptr=0x2d4f05f3a08 at 2d4f57b5d50>
2025-09-18 12:31:49,306 DEBUG [comtypes._post_coinit.unknwn] Release <POINTER(IShellItemImageFactory) ptr=0x2d4f05f3a10 at 2d4f57b6a50>
2025-09-18 12:31:49,313 DEBUG [windows-dir-fan.fan_widget] Thumbnail ready for C:\Users\au19277\Downloads\test.html (native icon)
2025-09-18 12:31:49,315 DEBUG [windows-dir-fan.fan_widget] Disk high-res cache hit for .json size=54x54
2025-09-18 12:31:49,324 DEBUG [comtypes._post_coinit.unknwn] Release <POINTER(IShellItem) ptr=0x2d4f05f49c8 at 2d4f57b6dd0>
2025-09-18 12:31:49,324 DEBUG [comtypes._post_coinit.unknwn] Release <POINTER(IShellItemImageFactory) ptr=0x2d4f05f49d0 at 2d4f57b6e50>
2025-09-18 12:31:49,332 DEBUG [windows-dir-fan.fan_widget] Thumbnail ready for C:\Users\au19277\Downloads\data.json (native icon)
2025-09-18 12:31:51,527 DEBUG [windows-dir-fan.fan_widget] PollingDetector saw RMB at 1334,1056
2025-09-18 12:31:51,539 DEBUG [windows-dir-fan.fan_widget] Native hook signal received: x=1334 y=1056 wParam=516
2025-09-18 12:31:51,540 DEBUG [windows-dir-fan.fan_widget] Native hook detected click at 1334,1056 outside fan; hiding
2025-09-18 12:31:51,540 DEBUG [windows-dir-fan.fan_widget] Fan.hide() called
2025-09-18 12:31:51,540 DEBUG [windows-dir-fan.fan_widget] Uninstalled global Qt event filter
2025-09-18 12:31:51,540 DEBUG [windows-dir-fan.fan_widget] Stopping native Windows mouse hook
2025-09-18 12:31:51,541 DEBUG [windows-dir-fan.fan_widget] Stopping polling detector
2025-09-18 12:31:52,872 DEBUG [root] eventFilter watched=<PySide6.QtWidgets.QMainWindow(0x2d4f05ff3c0) at 0x000002D4F1DEB680> event_type=19
2025-09-18 12:31:52,895 DEBUG [root] eventFilter watched=<PySide6.QtWidgets.QMainWindow(0x2d4f05ff3c0) at 0x000002D4F1DEB680> event_type=18
2025-09-18 12:31:52,895 DEBUG [root] eventFilter watched=<PySide6.QtWidgets.QMainWindow(0x2d4f05ff3c0) at 0x000002D4F1DEB680> event_type=27
2025-09-18 12:31:52,896 DEBUG [root] eventFilter watched=<PySide6.QtWidgets.QMainWindow(0x2d4f05ff3c0) at 0x000002D4F1DEB680> event_type=217
2025-09-18 12:31:52,896 DEBUG [root] eventFilter watched=<PySide6.QtWidgets.QMainWindow(0x2d4f05ff3c0) at 0x000002D4F1DEB680> event_type=203
2025-09-18 12:31:52,922 DEBUG [root] eventFilter watched=<PySide6.QtWidgets.QMainWindow(0x2d4f05ff3c0) at 0x000002D4F1DEB680> event_type=77
2025-09-18 12:31:52,922 INFO [root] Application exit code 0
2025-09-18 12:31:52,923 DEBUG [comtypes._post_coinit.unknwn] Calling CoUninitialize()
2025-09-18 12:31:52,923 DEBUG [comtypes._post_coinit.unknwn] CoUninitialize() done.
2025-09-18 12:31:52,939 DEBUG [root] eventFilter watched=<PySide6.QtWidgets.QWidget(0x2d4f05ff3c0) at 0x000002D4EF86AF40> event_type=170
2025-09-18 12:31:52,940 DEBUG [root] eventFilter watched=<PySide6.QtWidgets.QWidget(0x2d4f05ff3c0) at 0x000002D4F574F540> event_type=71
2025-09-18 12:31:52,941 DEBUG [root] eventFilter watched=<PySide6.QtWidgets.QWidget(0x2d4f05ff3c0) at 0x000002D4F53D7AC0> event_type=16
2025-09-18 12:32:29,261 DEBUG [comtypes] CoInitializeEx(None, 2)
2025-09-18 12:32:29,305 INFO [comtypes.client._code_cache] Imported existing <module 'comtypes.gen' from 'C:\\projekter\\win-dir-fan\\.venv\\Lib\\site-packages\\comtypes\\gen\\__init__.py'>
2025-09-18 12:32:29,306 INFO [comtypes.client._code_cache] Using writeable comtypes cache directory: 'C:\projekter\win-dir-fan\.venv\Lib\site-packages\comtypes\gen'
2025-09-18 12:32:29,378 INFO [root] Launching application with directory=C:\Users\au19277\Downloads max_items=15
2025-09-18 12:32:29,608 DEBUG [root] Main window created and moved off-screen
2025-09-18 12:32:29,855 INFO [root] Startup directory=C:\Users\au19277\Downloads max_items=15 platform=Windows-11-10.0.26100-SP0 python=3.13.7
2025-09-18 12:32:29,859 DEBUG [root] eventFilter watched=<PySide6.QtWidgets.QMainWindow(0x222721553c0) at 0x00000222750B7800> event_type=74
2025-09-18 12:32:29,859 DEBUG [root] eventFilter watched=<PySide6.QtWidgets.QMainWindow(0x222721553c0) at 0x00000222750B7800> event_type=78
2025-09-18 12:32:29,860 DEBUG [root] eventFilter watched=<PySide6.QtWidgets.QMainWindow(0x222721553c0) at 0x00000222750B7800> event_type=77
2025-09-18 12:32:29,860 DEBUG [root] eventFilter watched=<PySide6.QtWidgets.QMainWindow(0x222721553c0) at 0x00000222750B7800> event_type=24
2025-09-18 12:32:29,860 DEBUG [root] Activation ignored due to startup grace period
2025-09-18 12:32:29,860 DEBUG [root] eventFilter watched=<PySide6.QtWidgets.QMainWindow(0x222721553c0) at 0x00000222750B7800> event_type=99
2025-09-18 12:32:29,860 DEBUG [root] eventFilter watched=<PySide6.QtWidgets.QMainWindow(0x222721553c0) at 0x00000222750B7800> event_type=207
2025-09-18 12:32:29,865 DEBUG [root] eventFilter watched=<PySide6.QtWidgets.QMainWindow(0x222721553c0) at 0x00000222750B7800> event_type=12
2025-09-18 12:32:31,594 DEBUG [root] eventFilter watched=<PySide6.QtWidgets.QMainWindow(0x222721553c0) at 0x00000222750B7800> event_type=25
2025-09-18 12:32:31,595 DEBUG [root] eventFilter watched=<PySide6.QtWidgets.QMainWindow(0x222721553c0) at 0x00000222750B7800> event_type=99
2025-09-18 12:32:31,596 DEBUG [root] eventFilter watched=<PySide6.QtWidgets.QMainWindow(0x222721553c0) at 0x00000222750B7800> event_type=105
2025-09-18 12:32:31,598 DEBUG [root] Activation cursor pos=1337,1057 in_taskbar=True taskbar_h=48 taskbar_w=0
2025-09-18 12:32:31,599 DEBUG [root] Creating FanWindow instance
2025-09-18 12:32:31,611 DEBUG [root] Refreshing fan contents
2025-09-18 12:32:31,668 DEBUG [windows-dir-fan.fan_widget] Dynamic thumb size change: 36 -> 54 (n=10 targetH=516)
2025-09-18 12:32:31,668 DEBUG [windows-dir-fan.fan_widget] Refresh started for C:\Users\au19277\Downloads; 10 files queued
2025-09-18 12:32:31,668 DEBUG [root] Showing fan at 1227,449
2025-09-18 12:32:31,668 DEBUG [windows-dir-fan.fan_widget] Fan.show() called
2025-09-18 12:32:31,676 DEBUG [windows-dir-fan.fan_widget] Fan showEvent
2025-09-18 12:32:31,677 DEBUG [windows-dir-fan.fan_widget] Installed global Qt event filter
2025-09-18 12:32:31,678 DEBUG [windows-dir-fan.fan_widget] Starting native Windows mouse hook
2025-09-18 12:32:31,683 DEBUG [windows-dir-fan.fan_widget] Low-level mouse hook install failed: hook_id=0 GetLastError=126
2025-09-18 12:32:31,683 ERROR [stdout] C:\projekter\win-dir-fan\fan_widget.py:1144: RuntimeWarning: Failed to disconnect (<bound method FanWindow._on_global_mouse of <fan_widget.FanWindow(0x22272532900) at 0x00000222775F43C0>>) from signal "globalMouse(int,int,int)".
  self.globalMouse.disconnect(self._on_global_mouse)
2025-09-18 12:32:31,684 DEBUG [windows-dir-fan.fan_widget] Starting polling detector fallback (unconditional)
2025-09-18 12:32:31,690 DEBUG [windows-dir-fan.fan_widget] Fan shown: ignore_mouse_until=1758191551968 ignore_focus_until=1758191551968 stay_open_until=1758191552268
2025-09-18 12:32:31,693 DEBUG [root] Handled activation; showing/hiding fan
2025-09-18 12:32:31,765 DEBUG [PIL.PngImagePlugin] STREAM b'IHDR' 16 13
2025-09-18 12:32:31,765 DEBUG [PIL.PngImagePlugin] STREAM b'IDAT' 41 4096
2025-09-18 12:32:31,781 DEBUG [PIL.PngImagePlugin] STREAM b'IDAT' 243100 6
2025-09-18 12:32:31,869 DEBUG [comtypes._post_coinit.unknwn] Release <POINTER(IShellItem) ptr=0x2226fcff598 at 22277618a50>
2025-09-18 12:32:31,869 DEBUG [comtypes._post_coinit.unknwn] Release <POINTER(IShellItemImageFactory) ptr=0x2226fcff5a0 at 22277908650>
2025-09-18 12:32:32,091 DEBUG [windows-dir-fan.fan_widget] Thumbnail ready for C:\Users\au19277\Downloads\MS AI Org implementering.pdf (native icon)
2025-09-18 12:32:32,099 DEBUG [windows-dir-fan.fan_widget] Thumbnail ready for C:\Users\au19277\Downloads\swedish-chef-sweden-t-shirt-swedish-cuisine-png-favpng-Djk2LHnW8Vwz2ExB7GMuxV3tr-removebg-preview.png (11357 bytes)
2025-09-18 12:32:32,104 DEBUG [windows-dir-fan.fan_widget] Thumbnail ready for C:\Users\au19277\Downloads\swedish-chef-sweden-t-shirt-swedish-cuisine-png-favpng-Djk2LHnW8Vwz2ExB7GMuxV3tr.jpg (12981 bytes)
2025-09-18 12:32:32,135 DEBUG [comtypes._post_coinit.unknwn] Release <POINTER(IShellItem) ptr=0x222723c2d48 at 22275942fd0>
2025-09-18 12:32:32,136 DEBUG [comtypes._post_coinit.unknwn] Release <POINTER(IShellItemImageFactory) ptr=0x222723c2d50 at 22275943050>
2025-09-18 12:32:32,158 DEBUG [windows-dir-fan.fan_widget] Thumbnail ready for C:\Users\au19277\Downloads\Uddannelsesbaggrund.xlsx (native icon)
2025-09-18 12:32:32,159 DEBUG [windows-dir-fan.fan_widget] Disk high-res cache hit for .xlsx size=48x54
2025-09-18 12:32:32,170 DEBUG [comtypes._post_coinit.unknwn] Release <POINTER(IShellItem) ptr=0x222723c2568 at 22275943650>
2025-09-18 12:32:32,170 DEBUG [comtypes._post_coinit.unknwn] Release <POINTER(IShellItemImageFactory) ptr=0x222723c2570 at 222759436d0>
2025-09-18 12:32:32,185 DEBUG [windows-dir-fan.fan_widget] Thumbnail ready for C:\Users\au19277\Downloads\Ansřgning.xlsx (native icon)
2025-09-18 12:32:32,187 DEBUG [windows-dir-fan.fan_widget] Disk high-res cache hit for .xlsx size=54x54
2025-09-18 12:32:32,201 DEBUG [comtypes._post_coinit.unknwn] Release <POINTER(IShellItem) ptr=0x222723c2d48 at 22275943bd0>
2025-09-18 12:32:32,201 DEBUG [comtypes._post_coinit.unknwn] Release <POINTER(IShellItemImageFactory) ptr=0x222723c2d50 at 22275943c50>
2025-09-18 12:32:32,209 DEBUG [windows-dir-fan.fan_widget] Thumbnail ready for C:\Users\au19277\Downloads\CI Risikovurdering.xlsx (native icon)
2025-09-18 12:32:32,209 DEBUG [windows-dir-fan.fan_widget] Disk high-res cache hit for .xlsx size=54x54
2025-09-18 12:32:32,220 DEBUG [comtypes._post_coinit.unknwn] Release <POINTER(IShellItem) ptr=0x222723c1848 at 22275988250>
2025-09-18 12:32:32,220 DEBUG [comtypes._post_coinit.unknwn] Release <POINTER(IShellItemImageFactory) ptr=0x222723c1850 at 222759882d0>
2025-09-18 12:32:32,225 DEBUG [windows-dir-fan.fan_widget] Thumbnail ready for C:\Users\au19277\Downloads\Risikovurdering.xlsx (native icon)
2025-09-18 12:32:32,225 DEBUG [windows-dir-fan.fan_widget] Disk high-res cache hit for .xlsx size=54x54
2025-09-18 12:32:32,235 DEBUG [comtypes._post_coinit.unknwn] Release <POINTER(IShellItem) ptr=0x222723c22c8 at 22275988850>
2025-09-18 12:32:32,235 DEBUG [comtypes._post_coinit.unknwn] Release <POINTER(IShellItemImageFactory) ptr=0x222723c22d0 at 222759888d0>
2025-09-18 12:32:32,240 DEBUG [windows-dir-fan.fan_widget] Thumbnail ready for C:\Users\au19277\Downloads\esdh-im.xlsx (native icon)
2025-09-18 12:32:32,257 DEBUG [comtypes._post_coinit.unknwn] Release <POINTER(IShellItem) ptr=0x222723c2aa8 at 22275988e50>
2025-09-18 12:32:32,257 DEBUG [comtypes._post_coinit.unknwn] Release <POINTER(IShellItemImageFactory) ptr=0x222723c2ab0 at 22275988ed0>
2025-09-18 12:32:32,273 DEBUG [windows-dir-fan.fan_widget] Thumbnail ready for C:\Users\au19277\Downloads\test.html (native icon)
2025-09-18 12:32:32,293 DEBUG [comtypes._post_coinit.unknwn] Release <POINTER(IShellItem) ptr=0x222723c2728 at 222759894d0>
2025-09-18 12:32:32,294 DEBUG [comtypes._post_coinit.unknwn] Release <POINTER(IShellItemImageFactory) ptr=0x222723c2730 at 22275989550>
2025-09-18 12:32:32,308 DEBUG [windows-dir-fan.fan_widget] Thumbnail ready for C:\Users\au19277\Downloads\data.json (native icon)
2025-09-18 12:32:34,443 DEBUG [windows-dir-fan.fan_widget] PollingDetector saw LMB at 1336,1057
2025-09-18 12:32:34,456 DEBUG [windows-dir-fan.fan_widget] Native hook signal received: x=1336 y=1057 wParam=513
2025-09-18 12:32:34,456 DEBUG [windows-dir-fan.fan_widget] Native hook detected click at 1336,1057 outside fan; hiding
2025-09-18 12:32:34,456 DEBUG [windows-dir-fan.fan_widget] Fan.hide() called
2025-09-18 12:32:34,457 DEBUG [windows-dir-fan.fan_widget] Uninstalled global Qt event filter
2025-09-18 12:32:34,457 DEBUG [windows-dir-fan.fan_widget] Stopping native Windows mouse hook
2025-09-18 12:32:34,458 DEBUG [windows-dir-fan.fan_widget] Stopping polling detector
2025-09-18 12:32:34,627 DEBUG [root] eventFilter watched=<PySide6.QtWidgets.QMainWindow(0x222721553c0) at 0x00000222750B7800> event_type=105
2025-09-18 12:32:34,628 DEBUG [root] Activation cursor pos=1336,1057 in_taskbar=True taskbar_h=48 taskbar_w=0
2025-09-18 12:32:34,628 DEBUG [root] Refreshing fan contents
2025-09-18 12:32:34,694 DEBUG [windows-dir-fan.fan_widget] Refresh started for C:\Users\au19277\Downloads; 10 files queued
2025-09-18 12:32:34,694 DEBUG [root] Showing fan at 1226,587
2025-09-18 12:32:34,695 DEBUG [windows-dir-fan.fan_widget] Fan.show() called
2025-09-18 12:32:34,701 DEBUG [windows-dir-fan.fan_widget] Fan showEvent
2025-09-18 12:32:34,701 DEBUG [windows-dir-fan.fan_widget] Installed global Qt event filter
2025-09-18 12:32:34,702 DEBUG [windows-dir-fan.fan_widget] Starting native Windows mouse hook
2025-09-18 12:32:34,703 DEBUG [PIL.PngImagePlugin] STREAM b'IHDR' 16 13
2025-09-18 12:32:34,703 DEBUG [PIL.PngImagePlugin] STREAM b'IDAT' 41 4096
2025-09-18 12:32:34,705 DEBUG [windows-dir-fan.fan_widget] Starting polling detector fallback (unconditional)
2025-09-18 12:32:34,705 DEBUG [windows-dir-fan.fan_widget] Low-level mouse hook install failed: hook_id=0 GetLastError=126
2025-09-18 12:32:34,711 DEBUG [windows-dir-fan.fan_widget] Fan shown: ignore_mouse_until=1758191554994 ignore_focus_until=1758191554994 stay_open_until=1758191555294
2025-09-18 12:32:34,716 DEBUG [root] Handled activation; showing/hiding fan
2025-09-18 12:32:34,722 DEBUG [PIL.PngImagePlugin] STREAM b'IDAT' 243100 6
2025-09-18 12:32:34,732 DEBUG [root] eventFilter watched=<PySide6.QtWidgets.QMainWindow(0x222721553c0) at 0x00000222750B7800> event_type=24
2025-09-18 12:32:34,734 DEBUG [root] Activation ignored due to debounce
2025-09-18 12:32:34,734 DEBUG [root] eventFilter watched=<PySide6.QtWidgets.QMainWindow(0x222721553c0) at 0x00000222750B7800> event_type=99
2025-09-18 12:32:34,735 DEBUG [root] eventFilter watched=<PySide6.QtWidgets.QMainWindow(0x222721553c0) at 0x00000222750B7800> event_type=207
2025-09-18 12:32:34,735 DEBUG [root] eventFilter watched=<PySide6.QtWidgets.QMainWindow(0x222721553c0) at 0x00000222750B7800> event_type=25
2025-09-18 12:32:34,736 DEBUG [root] eventFilter watched=<PySide6.QtWidgets.QMainWindow(0x222721553c0) at 0x00000222750B7800> event_type=99
2025-09-18 12:32:34,736 DEBUG [root] eventFilter watched=<PySide6.QtWidgets.QMainWindow(0x222721553c0) at 0x00000222750B7800> event_type=24
2025-09-18 12:32:34,736 DEBUG [root] Activation ignored due to debounce
2025-09-18 12:32:34,737 DEBUG [root] eventFilter watched=<PySide6.QtWidgets.QMainWindow(0x222721553c0) at 0x00000222750B7800> event_type=99
2025-09-18 12:32:34,737 DEBUG [root] eventFilter watched=<PySide6.QtWidgets.QMainWindow(0x222721553c0) at 0x00000222750B7800> event_type=207
2025-09-18 12:32:34,741 DEBUG [windows-dir-fan.fan_widget] Disk high-res cache hit for .pdf size=54x54
2025-09-18 12:32:34,770 DEBUG [comtypes._post_coinit.unknwn] Release <POINTER(IShellItem) ptr=0x222723c1f48 at 22275989550>
2025-09-18 12:32:34,771 DEBUG [comtypes._post_coinit.unknwn] Release <POINTER(IShellItemImageFactory) ptr=0x222723c1f50 at 22275989b50>
2025-09-18 12:32:34,784 DEBUG [windows-dir-fan.fan_widget] Thumbnail ready for C:\Users\au19277\Downloads\MS AI Org implementering.pdf (native icon)
2025-09-18 12:32:34,798 DEBUG [windows-dir-fan.fan_widget] Thumbnail ready for C:\Users\au19277\Downloads\swedish-chef-sweden-t-shirt-swedish-cuisine-png-favpng-Djk2LHnW8Vwz2ExB7GMuxV3tr-removebg-preview.png (11357 bytes)
2025-09-18 12:32:34,810 DEBUG [windows-dir-fan.fan_widget] Thumbnail ready for C:\Users\au19277\Downloads\swedish-chef-sweden-t-shirt-swedish-cuisine-png-favpng-Djk2LHnW8Vwz2ExB7GMuxV3tr.jpg (12981 bytes)
2025-09-18 12:32:34,811 DEBUG [windows-dir-fan.fan_widget] Disk high-res cache hit for .xlsx size=54x54
2025-09-18 12:32:34,829 DEBUG [comtypes._post_coinit.unknwn] Release <POINTER(IShellItem) ptr=0x222723c14c8 at 2227598a150>
2025-09-18 12:32:34,829 DEBUG [comtypes._post_coinit.unknwn] Release <POINTER(IShellItemImageFactory) ptr=0x222723c14d0 at 2227598a1d0>
2025-09-18 12:32:34,841 DEBUG [windows-dir-fan.fan_widget] Thumbnail ready for C:\Users\au19277\Downloads\Uddannelsesbaggrund.xlsx (native icon)
2025-09-18 12:32:34,842 DEBUG [windows-dir-fan.fan_widget] Disk high-res cache hit for .xlsx size=54x54
2025-09-18 12:32:34,860 DEBUG [comtypes._post_coinit.unknwn] Release <POINTER(IShellItem) ptr=0x222723c2e28 at 2227598a750>
2025-09-18 12:32:34,860 DEBUG [comtypes._post_coinit.unknwn] Release <POINTER(IShellItemImageFactory) ptr=0x222723c2e30 at 2227598a6d0>
2025-09-18 12:32:34,872 DEBUG [windows-dir-fan.fan_widget] Thumbnail ready for C:\Users\au19277\Downloads\Ansřgning.xlsx (native icon)
2025-09-18 12:32:34,874 DEBUG [windows-dir-fan.fan_widget] Disk high-res cache hit for .xlsx size=54x54
2025-09-18 12:32:34,890 DEBUG [comtypes._post_coinit.unknwn] Release <POINTER(IShellItem) ptr=0x222723c2568 at 2227598acd0>
2025-09-18 12:32:34,891 DEBUG [comtypes._post_coinit.unknwn] Release <POINTER(IShellItemImageFactory) ptr=0x222723c2570 at 2227598ad50>
2025-09-18 12:32:34,902 DEBUG [windows-dir-fan.fan_widget] Thumbnail ready for C:\Users\au19277\Downloads\CI Risikovurdering.xlsx (native icon)
2025-09-18 12:32:34,903 DEBUG [windows-dir-fan.fan_widget] Disk high-res cache hit for .xlsx size=54x54
2025-09-18 12:32:34,921 DEBUG [comtypes._post_coinit.unknwn] Release <POINTER(IShellItem) ptr=0x222723c1848 at 2227598b050>
2025-09-18 12:32:34,921 DEBUG [comtypes._post_coinit.unknwn] Release <POINTER(IShellItemImageFactory) ptr=0x222723c1850 at 2227598b1d0>
2025-09-18 12:32:34,934 DEBUG [windows-dir-fan.fan_widget] Thumbnail ready for C:\Users\au19277\Downloads\Risikovurdering.xlsx (native icon)
2025-09-18 12:32:34,936 DEBUG [windows-dir-fan.fan_widget] Disk high-res cache hit for .xlsx size=54x54
2025-09-18 12:32:34,958 DEBUG [comtypes._post_coinit.unknwn] Release <POINTER(IShellItem) ptr=0x222723c2aa8 at 2227598b050>
2025-09-18 12:32:34,958 DEBUG [comtypes._post_coinit.unknwn] Release <POINTER(IShellItemImageFactory) ptr=0x222723c2ab0 at 2227598b450>
2025-09-18 12:32:34,973 DEBUG [windows-dir-fan.fan_widget] Thumbnail ready for C:\Users\au19277\Downloads\esdh-im.xlsx (native icon)
2025-09-18 12:32:34,975 DEBUG [windows-dir-fan.fan_widget] Disk high-res cache hit for .html size=44x54
2025-09-18 12:32:34,991 DEBUG [comtypes._post_coinit.unknwn] Release <POINTER(IShellItem) ptr=0x222723c2aa8 at 2227598b050>
2025-09-18 12:32:34,991 DEBUG [comtypes._post_coinit.unknwn] Release <POINTER(IShellItemImageFactory) ptr=0x222723c2ab0 at 2227598b750>
2025-09-18 12:32:35,001 DEBUG [windows-dir-fan.fan_widget] Thumbnail ready for C:\Users\au19277\Downloads\test.html (native icon)
2025-09-18 12:32:35,002 DEBUG [windows-dir-fan.fan_widget] Disk high-res cache hit for .json size=44x54
2025-09-18 12:32:35,016 DEBUG [comtypes._post_coinit.unknwn] Release <POINTER(IShellItem) ptr=0x222723c21e8 at 2227598bad0>
2025-09-18 12:32:35,016 DEBUG [comtypes._post_coinit.unknwn] Release <POINTER(IShellItemImageFactory) ptr=0x222723c21f0 at 2227598bb50>
2025-09-18 12:32:35,024 DEBUG [windows-dir-fan.fan_widget] Thumbnail ready for C:\Users\au19277\Downloads\data.json (native icon)
2025-09-18 12:32:35,459 DEBUG [windows-dir-fan.fan_widget] PollingDetector saw RMB at 1335,1057
2025-09-18 12:32:35,460 DEBUG [windows-dir-fan.fan_widget] Native hook signal received: x=1335 y=1057 wParam=516
2025-09-18 12:32:35,460 DEBUG [windows-dir-fan.fan_widget] Native hook detected click at 1335,1057 outside fan; hiding
2025-09-18 12:32:35,460 DEBUG [windows-dir-fan.fan_widget] Fan.hide() called
2025-09-18 12:32:35,460 DEBUG [windows-dir-fan.fan_widget] Uninstalled global Qt event filter
2025-09-18 12:32:35,461 DEBUG [windows-dir-fan.fan_widget] Stopping native Windows mouse hook
2025-09-18 12:32:35,461 DEBUG [windows-dir-fan.fan_widget] Stopping polling detector
2025-09-18 12:32:35,595 DEBUG [root] eventFilter watched=<PySide6.QtWidgets.QMainWindow(0x222721553c0) at 0x00000222750B7800> event_type=25
2025-09-18 12:32:35,595 DEBUG [root] eventFilter watched=<PySide6.QtWidgets.QMainWindow(0x222721553c0) at 0x00000222750B7800> event_type=99
2025-09-18 12:32:36,856 DEBUG [root] eventFilter watched=<PySide6.QtWidgets.QMainWindow(0x222721553c0) at 0x00000222750B7800> event_type=19
2025-09-18 12:32:36,921 DEBUG [root] eventFilter watched=<PySide6.QtWidgets.QMainWindow(0x222721553c0) at 0x00000222750B7800> event_type=18
2025-09-18 12:32:36,922 DEBUG [root] eventFilter watched=<PySide6.QtWidgets.QMainWindow(0x222721553c0) at 0x00000222750B7800> event_type=27
2025-09-18 12:32:36,922 DEBUG [root] eventFilter watched=<PySide6.QtWidgets.QMainWindow(0x222721553c0) at 0x00000222750B7800> event_type=217
2025-09-18 12:32:36,922 DEBUG [root] eventFilter watched=<PySide6.QtWidgets.QMainWindow(0x222721553c0) at 0x00000222750B7800> event_type=203
2025-09-18 12:32:36,947 DEBUG [root] eventFilter watched=<PySide6.QtWidgets.QMainWindow(0x222721553c0) at 0x00000222750B7800> event_type=24
2025-09-18 12:32:36,948 DEBUG [root] Activation cursor pos=1263,1007 in_taskbar=False taskbar_h=48 taskbar_w=0
2025-09-18 12:32:36,949 DEBUG [root] Activation ignored because cursor not in taskbar area
2025-09-18 12:32:36,949 DEBUG [root] eventFilter watched=<PySide6.QtWidgets.QMainWindow(0x222721553c0) at 0x00000222750B7800> event_type=99
2025-09-18 12:32:36,950 DEBUG [root] eventFilter watched=<PySide6.QtWidgets.QMainWindow(0x222721553c0) at 0x00000222750B7800> event_type=207
2025-09-18 12:32:36,950 DEBUG [root] eventFilter watched=<PySide6.QtWidgets.QMainWindow(0x222721553c0) at 0x00000222750B7800> event_type=25
2025-09-18 12:32:36,950 DEBUG [root] eventFilter watched=<PySide6.QtWidgets.QMainWindow(0x222721553c0) at 0x00000222750B7800> event_type=99
2025-09-18 12:32:36,958 DEBUG [root] eventFilter watched=<PySide6.QtWidgets.QMainWindow(0x222721553c0) at 0x00000222750B7800> event_type=77
2025-09-18 12:32:36,958 INFO [root] Application exit code 0
2025-09-18 12:32:36,959 DEBUG [comtypes._post_coinit.unknwn] Calling CoUninitialize()
2025-09-18 12:32:36,959 DEBUG [comtypes._post_coinit.unknwn] CoUninitialize() done.
2025-09-18 12:32:36,977 DEBUG [root] eventFilter watched=<PySide6.QtWidgets.QWidget(0x222721553c0) at 0x0000022271B0AF40> event_type=170
2025-09-18 12:32:36,980 DEBUG [root] eventFilter watched=<PySide6.QtWidgets.QWidget(0x222721553c0) at 0x00000222758DA840> event_type=71
2025-09-18 12:32:36,982 DEBUG [root] eventFilter watched=<PySide6.QtWidgets.QWidget(0x222721553c0) at 0x00000222776100C0> event_type=16
2025-09-18 13:07:21,387 ERROR [win-dir-fan.app] Uncaught exception
Traceback (most recent call last):
  File "C:\projekter\win-dir-fan\app.py", line 79, in <module>
    from fan_widget import FanWindow
  File "C:\projekter\win-dir-fan\fan_widget.py", line 596
    def _disk_cache_key_for_ext(self, ext: str) -> Path | None:
IndentationError: unexpected indent
2025-09-18 13:07:21,391 ERROR [stdout] Traceback (most recent call last):
2025-09-18 13:07:21,391 ERROR [stdout]   File "C:\projekter\win-dir-fan\app.py", line 79, in <module>
    from fan_widget import FanWindow
2025-09-18 13:07:21,391 ERROR [stdout]   File "C:\projekter\win-dir-fan\fan_widget.py", line 596
2025-09-18 13:07:21,391 ERROR [stdout]     def _disk_cache_key_for_ext(self, ext: str) -> Path | None:
2025-09-18 13:07:21,392 ERROR [stdout] IndentationError: unexpected indent
2025-09-18 13:36:21,674 DEBUG [comtypes] CoInitializeEx(None, 2)
2025-09-18 13:36:21,711 INFO [root] Launching application with directory=C:\Users\au19277 max_items=15
2025-09-18 13:36:22,000 DEBUG [root] Main window created and moved off-screen
2025-09-18 13:36:22,209 INFO [root] Startup directory=C:\Users\au19277 max_items=15 platform=Windows-11-10.0.26100-SP0 python=3.13.7
2025-09-18 13:36:22,213 DEBUG [root] eventFilter watched=<PySide6.QtWidgets.QMainWindow(0x1ea0141cc00) at 0x000001EA00845E80> event_type=74
2025-09-18 13:36:22,213 DEBUG [root] eventFilter watched=<PySide6.QtWidgets.QMainWindow(0x1ea0141cc00) at 0x000001EA00845E80> event_type=78
2025-09-18 13:36:22,214 DEBUG [root] eventFilter watched=<PySide6.QtWidgets.QMainWindow(0x1ea0141cc00) at 0x000001EA00845E80> event_type=77
2025-09-18 13:36:22,214 DEBUG [root] eventFilter watched=<PySide6.QtWidgets.QMainWindow(0x1ea0141cc00) at 0x000001EA00845E80> event_type=24
2025-09-18 13:36:22,214 DEBUG [root] Activation ignored due to startup grace period
2025-09-18 13:36:22,214 DEBUG [root] eventFilter watched=<PySide6.QtWidgets.QMainWindow(0x1ea0141cc00) at 0x000001EA00845E80> event_type=99
2025-09-18 13:36:22,215 DEBUG [root] eventFilter watched=<PySide6.QtWidgets.QMainWindow(0x1ea0141cc00) at 0x000001EA00845E80> event_type=207
2025-09-18 13:36:22,220 DEBUG [root] eventFilter watched=<PySide6.QtWidgets.QMainWindow(0x1ea0141cc00) at 0x000001EA00845E80> event_type=12
2025-09-18 13:36:24,017 DEBUG [root] eventFilter watched=<PySide6.QtWidgets.QMainWindow(0x1ea0141cc00) at 0x000001EA00845E80> event_type=25
2025-09-18 13:36:24,018 DEBUG [root] eventFilter watched=<PySide6.QtWidgets.QMainWindow(0x1ea0141cc00) at 0x000001EA00845E80> event_type=99
2025-09-18 13:36:24,018 DEBUG [root] eventFilter watched=<PySide6.QtWidgets.QMainWindow(0x1ea0141cc00) at 0x000001EA00845E80> event_type=105
2025-09-18 13:36:24,025 DEBUG [root] Activation cursor pos=1336,1058 in_taskbar=True taskbar_h=48 taskbar_w=0
2025-09-18 13:36:24,025 DEBUG [root] Creating FanWindow instance
2025-09-18 13:36:24,063 DEBUG [windows-dir-fan.fan_widget] FanWindow created dir=C:\Users\au19277 max_items=15
2025-09-18 13:36:24,063 DEBUG [root] Refreshing fan contents
2025-09-18 13:36:24,082 DEBUG [windows-dir-fan.fan_widget] thumb 96->48 count=15
2025-09-18 13:36:24,087 ERROR [windows-dir-fan.fan_widget] ShellItemImageFactory failure
Traceback (most recent call last):
  File "C:\projekter\win-dir-fan\fan_widget.py", line 252, in _shell_image_factory
    from comtypes.shell import shell, shellcon  # type: ignore
    ^^^^^^^^^^^^^^^^^^^^^^^^^^^^^^^^^^^^^^^^^^
ModuleNotFoundError: No module named 'comtypes.shell'
2025-09-18 13:36:24,368 ERROR [windows-dir-fan.fan_widget] ShellItemImageFactory failure
Traceback (most recent call last):
  File "C:\projekter\win-dir-fan\fan_widget.py", line 252, in _shell_image_factory
    from comtypes.shell import shell, shellcon  # type: ignore
    ^^^^^^^^^^^^^^^^^^^^^^^^^^^^^^^^^^^^^^^^^^
ModuleNotFoundError: No module named 'comtypes.shell'
2025-09-18 13:36:24,449 ERROR [windows-dir-fan.fan_widget] ShellItemImageFactory failure
Traceback (most recent call last):
  File "C:\projekter\win-dir-fan\fan_widget.py", line 252, in _shell_image_factory
    from comtypes.shell import shell, shellcon  # type: ignore
    ^^^^^^^^^^^^^^^^^^^^^^^^^^^^^^^^^^^^^^^^^^
ModuleNotFoundError: No module named 'comtypes.shell'
2025-09-18 13:36:24,493 ERROR [windows-dir-fan.fan_widget] ShellItemImageFactory failure
Traceback (most recent call last):
  File "C:\projekter\win-dir-fan\fan_widget.py", line 252, in _shell_image_factory
    from comtypes.shell import shell, shellcon  # type: ignore
    ^^^^^^^^^^^^^^^^^^^^^^^^^^^^^^^^^^^^^^^^^^
ModuleNotFoundError: No module named 'comtypes.shell'
2025-09-18 13:36:24,532 ERROR [windows-dir-fan.fan_widget] ShellItemImageFactory failure
Traceback (most recent call last):
  File "C:\projekter\win-dir-fan\fan_widget.py", line 252, in _shell_image_factory
    from comtypes.shell import shell, shellcon  # type: ignore
    ^^^^^^^^^^^^^^^^^^^^^^^^^^^^^^^^^^^^^^^^^^
ModuleNotFoundError: No module named 'comtypes.shell'
2025-09-18 13:36:24,696 ERROR [windows-dir-fan.fan_widget] ShellItemImageFactory failure
Traceback (most recent call last):
  File "C:\projekter\win-dir-fan\fan_widget.py", line 252, in _shell_image_factory
    from comtypes.shell import shell, shellcon  # type: ignore
    ^^^^^^^^^^^^^^^^^^^^^^^^^^^^^^^^^^^^^^^^^^
ModuleNotFoundError: No module named 'comtypes.shell'
2025-09-18 13:36:24,742 ERROR [windows-dir-fan.fan_widget] ShellItemImageFactory failure
Traceback (most recent call last):
  File "C:\projekter\win-dir-fan\fan_widget.py", line 252, in _shell_image_factory
    from comtypes.shell import shell, shellcon  # type: ignore
    ^^^^^^^^^^^^^^^^^^^^^^^^^^^^^^^^^^^^^^^^^^
ModuleNotFoundError: No module named 'comtypes.shell'
2025-09-18 13:36:24,808 ERROR [windows-dir-fan.fan_widget] ShellItemImageFactory failure
Traceback (most recent call last):
  File "C:\projekter\win-dir-fan\fan_widget.py", line 252, in _shell_image_factory
    from comtypes.shell import shell, shellcon  # type: ignore
    ^^^^^^^^^^^^^^^^^^^^^^^^^^^^^^^^^^^^^^^^^^
ModuleNotFoundError: No module named 'comtypes.shell'
2025-09-18 13:36:24,814 ERROR [windows-dir-fan.fan_widget] ShellItemImageFactory failure
Traceback (most recent call last):
  File "C:\projekter\win-dir-fan\fan_widget.py", line 252, in _shell_image_factory
    from comtypes.shell import shell, shellcon  # type: ignore
    ^^^^^^^^^^^^^^^^^^^^^^^^^^^^^^^^^^^^^^^^^^
ModuleNotFoundError: No module named 'comtypes.shell'
2025-09-18 13:36:24,829 ERROR [windows-dir-fan.fan_widget] ShellItemImageFactory failure
Traceback (most recent call last):
  File "C:\projekter\win-dir-fan\fan_widget.py", line 252, in _shell_image_factory
    from comtypes.shell import shell, shellcon  # type: ignore
    ^^^^^^^^^^^^^^^^^^^^^^^^^^^^^^^^^^^^^^^^^^
ModuleNotFoundError: No module named 'comtypes.shell'
2025-09-18 13:36:24,886 ERROR [windows-dir-fan.fan_widget] ShellItemImageFactory failure
Traceback (most recent call last):
  File "C:\projekter\win-dir-fan\fan_widget.py", line 252, in _shell_image_factory
    from comtypes.shell import shell, shellcon  # type: ignore
    ^^^^^^^^^^^^^^^^^^^^^^^^^^^^^^^^^^^^^^^^^^
ModuleNotFoundError: No module named 'comtypes.shell'
2025-09-18 13:36:24,908 ERROR [windows-dir-fan.fan_widget] ShellItemImageFactory failure
Traceback (most recent call last):
  File "C:\projekter\win-dir-fan\fan_widget.py", line 252, in _shell_image_factory
    from comtypes.shell import shell, shellcon  # type: ignore
    ^^^^^^^^^^^^^^^^^^^^^^^^^^^^^^^^^^^^^^^^^^
ModuleNotFoundError: No module named 'comtypes.shell'
2025-09-18 13:36:24,934 ERROR [windows-dir-fan.fan_widget] ShellItemImageFactory failure
Traceback (most recent call last):
  File "C:\projekter\win-dir-fan\fan_widget.py", line 252, in _shell_image_factory
    from comtypes.shell import shell, shellcon  # type: ignore
    ^^^^^^^^^^^^^^^^^^^^^^^^^^^^^^^^^^^^^^^^^^
ModuleNotFoundError: No module named 'comtypes.shell'
2025-09-18 13:36:24,956 ERROR [windows-dir-fan.fan_widget] ShellItemImageFactory failure
Traceback (most recent call last):
  File "C:\projekter\win-dir-fan\fan_widget.py", line 252, in _shell_image_factory
    from comtypes.shell import shell, shellcon  # type: ignore
    ^^^^^^^^^^^^^^^^^^^^^^^^^^^^^^^^^^^^^^^^^^
ModuleNotFoundError: No module named 'comtypes.shell'
2025-09-18 13:36:25,008 ERROR [windows-dir-fan.fan_widget] ShellItemImageFactory failure
Traceback (most recent call last):
  File "C:\projekter\win-dir-fan\fan_widget.py", line 252, in _shell_image_factory
    from comtypes.shell import shell, shellcon  # type: ignore
    ^^^^^^^^^^^^^^^^^^^^^^^^^^^^^^^^^^^^^^^^^^
ModuleNotFoundError: No module named 'comtypes.shell'
2025-09-18 13:36:25,066 DEBUG [root] Showing fan at 1016,439
2025-09-18 13:36:25,086 DEBUG [root] Handled activation; showing/hiding fan
2025-09-18 13:36:33,604 DEBUG [root] eventFilter watched=<PySide6.QtWidgets.QMainWindow(0x1ea0141cc00) at 0x000001EA00845E80> event_type=105
2025-09-18 13:36:33,605 DEBUG [root] Activation cursor pos=1329,1070 in_taskbar=True taskbar_h=48 taskbar_w=0
2025-09-18 13:36:33,605 DEBUG [root] Hiding existing fan (toggle)
2025-09-18 13:36:33,665 DEBUG [root] Handled activation; showing/hiding fan
2025-09-18 13:36:33,670 DEBUG [root] eventFilter watched=<PySide6.QtWidgets.QMainWindow(0x1ea0141cc00) at 0x000001EA00845E80> event_type=24
2025-09-18 13:36:33,671 DEBUG [root] Activation ignored due to debounce
2025-09-18 13:36:33,671 DEBUG [root] eventFilter watched=<PySide6.QtWidgets.QMainWindow(0x1ea0141cc00) at 0x000001EA00845E80> event_type=99
2025-09-18 13:36:33,671 DEBUG [root] eventFilter watched=<PySide6.QtWidgets.QMainWindow(0x1ea0141cc00) at 0x000001EA00845E80> event_type=207
2025-09-18 13:36:36,921 DEBUG [root] eventFilter watched=<PySide6.QtWidgets.QMainWindow(0x1ea0141cc00) at 0x000001EA00845E80> event_type=25
2025-09-18 13:36:36,922 DEBUG [root] eventFilter watched=<PySide6.QtWidgets.QMainWindow(0x1ea0141cc00) at 0x000001EA00845E80> event_type=99
2025-09-18 13:36:38,208 DEBUG [root] eventFilter watched=<PySide6.QtWidgets.QMainWindow(0x1ea0141cc00) at 0x000001EA00845E80> event_type=19
2025-09-18 13:36:38,280 DEBUG [root] eventFilter watched=<PySide6.QtWidgets.QMainWindow(0x1ea0141cc00) at 0x000001EA00845E80> event_type=18
2025-09-18 13:36:38,280 DEBUG [root] eventFilter watched=<PySide6.QtWidgets.QMainWindow(0x1ea0141cc00) at 0x000001EA00845E80> event_type=27
2025-09-18 13:36:38,280 DEBUG [root] eventFilter watched=<PySide6.QtWidgets.QMainWindow(0x1ea0141cc00) at 0x000001EA00845E80> event_type=217
2025-09-18 13:36:38,280 DEBUG [root] eventFilter watched=<PySide6.QtWidgets.QMainWindow(0x1ea0141cc00) at 0x000001EA00845E80> event_type=203
2025-09-18 13:36:38,324 DEBUG [root] eventFilter watched=<PySide6.QtWidgets.QMainWindow(0x1ea0141cc00) at 0x000001EA00845E80> event_type=24
2025-09-18 13:36:38,325 DEBUG [root] Activation cursor pos=1014,944 in_taskbar=False taskbar_h=48 taskbar_w=0
2025-09-18 13:36:38,326 DEBUG [root] Activation ignored because cursor not in taskbar area
2025-09-18 13:36:38,326 DEBUG [root] eventFilter watched=<PySide6.QtWidgets.QMainWindow(0x1ea0141cc00) at 0x000001EA00845E80> event_type=99
2025-09-18 13:36:38,326 DEBUG [root] eventFilter watched=<PySide6.QtWidgets.QMainWindow(0x1ea0141cc00) at 0x000001EA00845E80> event_type=207
2025-09-18 13:36:38,326 DEBUG [root] eventFilter watched=<PySide6.QtWidgets.QMainWindow(0x1ea0141cc00) at 0x000001EA00845E80> event_type=25
2025-09-18 13:36:38,326 DEBUG [root] eventFilter watched=<PySide6.QtWidgets.QMainWindow(0x1ea0141cc00) at 0x000001EA00845E80> event_type=99
2025-09-18 13:36:38,338 DEBUG [root] eventFilter watched=<PySide6.QtWidgets.QMainWindow(0x1ea0141cc00) at 0x000001EA00845E80> event_type=77
2025-09-18 13:36:38,338 INFO [root] Application exit code 0
2025-09-18 13:36:38,338 DEBUG [comtypes._post_coinit.unknwn] Calling CoUninitialize()
2025-09-18 13:36:38,338 DEBUG [comtypes._post_coinit.unknwn] CoUninitialize() done.
2025-09-18 13:36:38,341 DEBUG [root] eventFilter watched=<PySide6.QtWidgets.QWidget(0x1ea0141cc00) at 0x000001EA7FD79EC0> event_type=170
2025-09-18 13:36:38,341 DEBUG [root] eventFilter watched=<PySide6.QtWidgets.QWidget(0x1ea0141cc00) at 0x000001EA7FD7AF40> event_type=71
2025-09-18 13:36:38,342 DEBUG [root] eventFilter watched=<PySide6.QtWidgets.QWidget(0x1ea0141cc00) at 0x000001EA7FD7AF40> event_type=16
2025-09-18 13:36:44,693 DEBUG [comtypes] CoInitializeEx(None, 2)
2025-09-18 13:36:44,742 INFO [root] Launching application with directory=C:\Users\au19277\Downloads max_items=15
2025-09-18 13:36:44,995 DEBUG [root] Main window created and moved off-screen
2025-09-18 13:36:45,110 INFO [root] Startup directory=C:\Users\au19277\Downloads max_items=15 platform=Windows-11-10.0.26100-SP0 python=3.13.7
2025-09-18 13:36:45,116 DEBUG [root] eventFilter watched=<PySide6.QtWidgets.QMainWindow(0x1edad3c3180) at 0x000001EDACB75D80> event_type=74
2025-09-18 13:36:45,117 DEBUG [root] eventFilter watched=<PySide6.QtWidgets.QMainWindow(0x1edad3c3180) at 0x000001EDACB75D80> event_type=78
2025-09-18 13:36:45,117 DEBUG [root] eventFilter watched=<PySide6.QtWidgets.QMainWindow(0x1edad3c3180) at 0x000001EDACB75D80> event_type=77
2025-09-18 13:36:45,118 DEBUG [root] eventFilter watched=<PySide6.QtWidgets.QMainWindow(0x1edad3c3180) at 0x000001EDACB75D80> event_type=24
2025-09-18 13:36:45,118 DEBUG [root] Activation ignored due to startup grace period
2025-09-18 13:36:45,118 DEBUG [root] eventFilter watched=<PySide6.QtWidgets.QMainWindow(0x1edad3c3180) at 0x000001EDACB75D80> event_type=99
2025-09-18 13:36:45,118 DEBUG [root] eventFilter watched=<PySide6.QtWidgets.QMainWindow(0x1edad3c3180) at 0x000001EDACB75D80> event_type=207
2025-09-18 13:36:45,120 DEBUG [root] eventFilter watched=<PySide6.QtWidgets.QMainWindow(0x1edad3c3180) at 0x000001EDACB75D80> event_type=12
2025-09-18 13:36:47,534 DEBUG [root] eventFilter watched=<PySide6.QtWidgets.QMainWindow(0x1edad3c3180) at 0x000001EDACB75D80> event_type=25
2025-09-18 13:36:47,535 DEBUG [root] eventFilter watched=<PySide6.QtWidgets.QMainWindow(0x1edad3c3180) at 0x000001EDACB75D80> event_type=99
2025-09-18 13:36:47,535 DEBUG [root] eventFilter watched=<PySide6.QtWidgets.QMainWindow(0x1edad3c3180) at 0x000001EDACB75D80> event_type=105
2025-09-18 13:36:47,537 DEBUG [root] Activation cursor pos=1334,1054 in_taskbar=True taskbar_h=48 taskbar_w=0
2025-09-18 13:36:47,538 DEBUG [root] Creating FanWindow instance
2025-09-18 13:36:47,545 DEBUG [windows-dir-fan.fan_widget] FanWindow created dir=C:\Users\au19277\Downloads max_items=15
2025-09-18 13:36:47,545 DEBUG [root] Refreshing fan contents
2025-09-18 13:36:47,604 DEBUG [windows-dir-fan.fan_widget] thumb 96->48 count=15
2025-09-18 13:36:47,604 ERROR [windows-dir-fan.fan_widget] ShellItemImageFactory failure
Traceback (most recent call last):
  File "C:\projekter\win-dir-fan\fan_widget.py", line 252, in _shell_image_factory
    from comtypes.shell import shell, shellcon  # type: ignore
    ^^^^^^^^^^^^^^^^^^^^^^^^^^^^^^^^^^^^^^^^^^
ModuleNotFoundError: No module named 'comtypes.shell'
2025-09-18 13:36:47,907 ERROR [windows-dir-fan.fan_widget] ShellItemImageFactory failure
Traceback (most recent call last):
  File "C:\projekter\win-dir-fan\fan_widget.py", line 252, in _shell_image_factory
    from comtypes.shell import shell, shellcon  # type: ignore
    ^^^^^^^^^^^^^^^^^^^^^^^^^^^^^^^^^^^^^^^^^^
ModuleNotFoundError: No module named 'comtypes.shell'
2025-09-18 13:36:47,955 ERROR [windows-dir-fan.fan_widget] ShellItemImageFactory failure
Traceback (most recent call last):
  File "C:\projekter\win-dir-fan\fan_widget.py", line 252, in _shell_image_factory
    from comtypes.shell import shell, shellcon  # type: ignore
    ^^^^^^^^^^^^^^^^^^^^^^^^^^^^^^^^^^^^^^^^^^
ModuleNotFoundError: No module named 'comtypes.shell'
2025-09-18 13:36:49,195 ERROR [windows-dir-fan.fan_widget] ShellItemImageFactory failure
Traceback (most recent call last):
  File "C:\projekter\win-dir-fan\fan_widget.py", line 252, in _shell_image_factory
    from comtypes.shell import shell, shellcon  # type: ignore
    ^^^^^^^^^^^^^^^^^^^^^^^^^^^^^^^^^^^^^^^^^^
ModuleNotFoundError: No module named 'comtypes.shell'
2025-09-18 13:36:49,205 ERROR [windows-dir-fan.fan_widget] ShellItemImageFactory failure
Traceback (most recent call last):
  File "C:\projekter\win-dir-fan\fan_widget.py", line 252, in _shell_image_factory
    from comtypes.shell import shell, shellcon  # type: ignore
    ^^^^^^^^^^^^^^^^^^^^^^^^^^^^^^^^^^^^^^^^^^
ModuleNotFoundError: No module named 'comtypes.shell'
2025-09-18 13:36:49,242 ERROR [windows-dir-fan.fan_widget] ShellItemImageFactory failure
Traceback (most recent call last):
  File "C:\projekter\win-dir-fan\fan_widget.py", line 252, in _shell_image_factory
    from comtypes.shell import shell, shellcon  # type: ignore
    ^^^^^^^^^^^^^^^^^^^^^^^^^^^^^^^^^^^^^^^^^^
ModuleNotFoundError: No module named 'comtypes.shell'
2025-09-18 13:36:49,247 ERROR [windows-dir-fan.fan_widget] ShellItemImageFactory failure
Traceback (most recent call last):
  File "C:\projekter\win-dir-fan\fan_widget.py", line 252, in _shell_image_factory
    from comtypes.shell import shell, shellcon  # type: ignore
    ^^^^^^^^^^^^^^^^^^^^^^^^^^^^^^^^^^^^^^^^^^
ModuleNotFoundError: No module named 'comtypes.shell'
2025-09-18 13:36:49,255 ERROR [windows-dir-fan.fan_widget] ShellItemImageFactory failure
Traceback (most recent call last):
  File "C:\projekter\win-dir-fan\fan_widget.py", line 252, in _shell_image_factory
    from comtypes.shell import shell, shellcon  # type: ignore
    ^^^^^^^^^^^^^^^^^^^^^^^^^^^^^^^^^^^^^^^^^^
ModuleNotFoundError: No module named 'comtypes.shell'
2025-09-18 13:36:49,261 ERROR [windows-dir-fan.fan_widget] ShellItemImageFactory failure
Traceback (most recent call last):
  File "C:\projekter\win-dir-fan\fan_widget.py", line 252, in _shell_image_factory
    from comtypes.shell import shell, shellcon  # type: ignore
    ^^^^^^^^^^^^^^^^^^^^^^^^^^^^^^^^^^^^^^^^^^
ModuleNotFoundError: No module named 'comtypes.shell'
2025-09-18 13:36:49,299 ERROR [windows-dir-fan.fan_widget] ShellItemImageFactory failure
Traceback (most recent call last):
  File "C:\projekter\win-dir-fan\fan_widget.py", line 252, in _shell_image_factory
    from comtypes.shell import shell, shellcon  # type: ignore
    ^^^^^^^^^^^^^^^^^^^^^^^^^^^^^^^^^^^^^^^^^^
ModuleNotFoundError: No module named 'comtypes.shell'
2025-09-18 13:36:49,375 ERROR [windows-dir-fan.fan_widget] ShellItemImageFactory failure
Traceback (most recent call last):
  File "C:\projekter\win-dir-fan\fan_widget.py", line 252, in _shell_image_factory
    from comtypes.shell import shell, shellcon  # type: ignore
    ^^^^^^^^^^^^^^^^^^^^^^^^^^^^^^^^^^^^^^^^^^
ModuleNotFoundError: No module named 'comtypes.shell'
2025-09-18 13:36:49,390 ERROR [windows-dir-fan.fan_widget] ShellItemImageFactory failure
Traceback (most recent call last):
  File "C:\projekter\win-dir-fan\fan_widget.py", line 252, in _shell_image_factory
    from comtypes.shell import shell, shellcon  # type: ignore
    ^^^^^^^^^^^^^^^^^^^^^^^^^^^^^^^^^^^^^^^^^^
ModuleNotFoundError: No module named 'comtypes.shell'
2025-09-18 13:36:49,422 DEBUG [root] Showing fan at 1014,435
2025-09-18 13:36:49,440 DEBUG [root] Handled activation; showing/hiding fan
2025-09-18 13:36:57,262 DEBUG [root] eventFilter watched=<PySide6.QtWidgets.QMainWindow(0x1edad3c3180) at 0x000001EDACB75D80> event_type=105
2025-09-18 13:36:57,262 DEBUG [root] Activation cursor pos=1336,1056 in_taskbar=True taskbar_h=48 taskbar_w=0
2025-09-18 13:36:57,263 DEBUG [root] Refreshing fan contents
2025-09-18 13:36:57,392 DEBUG [root] Showing fan at 1016,437
2025-09-18 13:36:57,406 DEBUG [root] Handled activation; showing/hiding fan
2025-09-18 13:36:57,420 DEBUG [root] eventFilter watched=<PySide6.QtWidgets.QMainWindow(0x1edad3c3180) at 0x000001EDACB75D80> event_type=24
2025-09-18 13:36:57,421 DEBUG [root] Activation ignored due to debounce
2025-09-18 13:36:57,421 DEBUG [root] eventFilter watched=<PySide6.QtWidgets.QMainWindow(0x1edad3c3180) at 0x000001EDACB75D80> event_type=99
2025-09-18 13:36:57,421 DEBUG [root] eventFilter watched=<PySide6.QtWidgets.QMainWindow(0x1edad3c3180) at 0x000001EDACB75D80> event_type=207
2025-09-18 13:36:57,421 DEBUG [root] eventFilter watched=<PySide6.QtWidgets.QMainWindow(0x1edad3c3180) at 0x000001EDACB75D80> event_type=25
2025-09-18 13:36:57,421 DEBUG [root] eventFilter watched=<PySide6.QtWidgets.QMainWindow(0x1edad3c3180) at 0x000001EDACB75D80> event_type=99
2025-09-18 13:36:57,421 DEBUG [root] eventFilter watched=<PySide6.QtWidgets.QMainWindow(0x1edad3c3180) at 0x000001EDACB75D80> event_type=24
2025-09-18 13:36:57,421 DEBUG [root] Activation ignored due to debounce
2025-09-18 13:36:57,421 DEBUG [root] eventFilter watched=<PySide6.QtWidgets.QMainWindow(0x1edad3c3180) at 0x000001EDACB75D80> event_type=99
2025-09-18 13:36:57,421 DEBUG [root] eventFilter watched=<PySide6.QtWidgets.QMainWindow(0x1edad3c3180) at 0x000001EDACB75D80> event_type=207
2025-09-18 13:37:16,743 DEBUG [root] eventFilter watched=<PySide6.QtWidgets.QMainWindow(0x1edad3c3180) at 0x000001EDACB75D80> event_type=25
2025-09-18 13:37:16,743 DEBUG [root] eventFilter watched=<PySide6.QtWidgets.QMainWindow(0x1edad3c3180) at 0x000001EDACB75D80> event_type=99
2025-09-18 13:37:17,969 DEBUG [root] eventFilter watched=<PySide6.QtWidgets.QMainWindow(0x1edad3c3180) at 0x000001EDACB75D80> event_type=24
2025-09-18 13:37:17,969 DEBUG [root] Activation cursor pos=1359,1075 in_taskbar=True taskbar_h=48 taskbar_w=0
2025-09-18 13:37:17,969 DEBUG [root] Refreshing fan contents
2025-09-18 13:37:18,183 DEBUG [root] Showing fan at 1039,456
2025-09-18 13:37:18,202 DEBUG [root] Handled activation; showing/hiding fan
2025-09-18 13:37:18,203 DEBUG [root] eventFilter watched=<PySide6.QtWidgets.QMainWindow(0x1edad3c3180) at 0x000001EDACB75D80> event_type=99
2025-09-18 13:37:18,203 DEBUG [root] eventFilter watched=<PySide6.QtWidgets.QMainWindow(0x1edad3c3180) at 0x000001EDACB75D80> event_type=207
2025-09-18 13:37:18,207 DEBUG [root] eventFilter watched=<PySide6.QtWidgets.QMainWindow(0x1edad3c3180) at 0x000001EDACB75D80> event_type=25
2025-09-18 13:37:18,208 DEBUG [root] eventFilter watched=<PySide6.QtWidgets.QMainWindow(0x1edad3c3180) at 0x000001EDACB75D80> event_type=99
2025-09-18 13:37:19,884 DEBUG [root] eventFilter watched=<PySide6.QtWidgets.QMainWindow(0x1edad3c3180) at 0x000001EDACB75D80> event_type=24
2025-09-18 13:37:19,884 DEBUG [root] Activation cursor pos=1320,1051 in_taskbar=True taskbar_h=48 taskbar_w=0
2025-09-18 13:37:19,884 DEBUG [root] Refreshing fan contents
2025-09-18 13:37:20,019 DEBUG [root] Showing fan at 1000,432
2025-09-18 13:37:20,035 DEBUG [root] Handled activation; showing/hiding fan
2025-09-18 13:37:20,036 DEBUG [root] eventFilter watched=<PySide6.QtWidgets.QMainWindow(0x1edad3c3180) at 0x000001EDACB75D80> event_type=99
2025-09-18 13:37:20,037 DEBUG [root] eventFilter watched=<PySide6.QtWidgets.QMainWindow(0x1edad3c3180) at 0x000001EDACB75D80> event_type=207
2025-09-18 13:37:20,039 DEBUG [root] eventFilter watched=<PySide6.QtWidgets.QMainWindow(0x1edad3c3180) at 0x000001EDACB75D80> event_type=25
2025-09-18 13:37:20,039 DEBUG [root] eventFilter watched=<PySide6.QtWidgets.QMainWindow(0x1edad3c3180) at 0x000001EDACB75D80> event_type=99
2025-09-18 13:37:20,625 DEBUG [root] eventFilter watched=<PySide6.QtWidgets.QMainWindow(0x1edad3c3180) at 0x000001EDACB75D80> event_type=24
2025-09-18 13:37:20,625 DEBUG [root] Activation cursor pos=1332,1052 in_taskbar=True taskbar_h=48 taskbar_w=0
2025-09-18 13:37:20,625 DEBUG [root] Refreshing fan contents
2025-09-18 13:37:20,757 DEBUG [root] Showing fan at 1012,433
2025-09-18 13:37:20,781 DEBUG [root] Handled activation; showing/hiding fan
2025-09-18 13:37:20,783 DEBUG [root] eventFilter watched=<PySide6.QtWidgets.QMainWindow(0x1edad3c3180) at 0x000001EDACB75D80> event_type=99
2025-09-18 13:37:20,784 DEBUG [root] eventFilter watched=<PySide6.QtWidgets.QMainWindow(0x1edad3c3180) at 0x000001EDACB75D80> event_type=207
2025-09-18 13:37:20,789 DEBUG [root] eventFilter watched=<PySide6.QtWidgets.QMainWindow(0x1edad3c3180) at 0x000001EDACB75D80> event_type=25
2025-09-18 13:37:20,790 DEBUG [root] eventFilter watched=<PySide6.QtWidgets.QMainWindow(0x1edad3c3180) at 0x000001EDACB75D80> event_type=99
2025-09-18 13:37:23,092 DEBUG [root] eventFilter watched=<PySide6.QtWidgets.QMainWindow(0x1edad3c3180) at 0x000001EDACB75D80> event_type=19
2025-09-18 13:37:23,152 DEBUG [root] eventFilter watched=<PySide6.QtWidgets.QMainWindow(0x1edad3c3180) at 0x000001EDACB75D80> event_type=18
2025-09-18 13:37:23,153 DEBUG [root] eventFilter watched=<PySide6.QtWidgets.QMainWindow(0x1edad3c3180) at 0x000001EDACB75D80> event_type=27
2025-09-18 13:37:23,154 DEBUG [root] eventFilter watched=<PySide6.QtWidgets.QMainWindow(0x1edad3c3180) at 0x000001EDACB75D80> event_type=217
2025-09-18 13:37:23,155 DEBUG [root] eventFilter watched=<PySide6.QtWidgets.QMainWindow(0x1edad3c3180) at 0x000001EDACB75D80> event_type=203
2025-09-18 13:37:23,177 DEBUG [root] eventFilter watched=<PySide6.QtWidgets.QMainWindow(0x1edad3c3180) at 0x000001EDACB75D80> event_type=24
2025-09-18 13:37:23,178 DEBUG [root] Activation cursor pos=1321,999 in_taskbar=False taskbar_h=48 taskbar_w=0
2025-09-18 13:37:23,178 DEBUG [root] Activation ignored because cursor not in taskbar area
2025-09-18 13:37:23,178 DEBUG [root] eventFilter watched=<PySide6.QtWidgets.QMainWindow(0x1edad3c3180) at 0x000001EDACB75D80> event_type=99
2025-09-18 13:37:23,178 DEBUG [root] eventFilter watched=<PySide6.QtWidgets.QMainWindow(0x1edad3c3180) at 0x000001EDACB75D80> event_type=207
2025-09-18 13:37:23,178 DEBUG [root] eventFilter watched=<PySide6.QtWidgets.QMainWindow(0x1edad3c3180) at 0x000001EDACB75D80> event_type=25
2025-09-18 13:37:23,178 DEBUG [root] eventFilter watched=<PySide6.QtWidgets.QMainWindow(0x1edad3c3180) at 0x000001EDACB75D80> event_type=99
2025-09-18 13:37:23,189 DEBUG [root] eventFilter watched=<PySide6.QtWidgets.QMainWindow(0x1edad3c3180) at 0x000001EDACB75D80> event_type=77
2025-09-18 13:37:23,189 INFO [root] Application exit code 0
2025-09-18 13:37:23,190 DEBUG [comtypes._post_coinit.unknwn] Calling CoUninitialize()
2025-09-18 13:37:23,190 DEBUG [comtypes._post_coinit.unknwn] CoUninitialize() done.
2025-09-18 13:37:23,206 DEBUG [root] eventFilter watched=<PySide6.QtWidgets.QWidget(0x1edad3c3180) at 0x000001EDACC02040> event_type=170
2025-09-18 13:37:23,206 DEBUG [root] eventFilter watched=<PySide6.QtWidgets.QWidget(0x1edad3c3180) at 0x000001EDACC2E280> event_type=71
2025-09-18 13:37:23,207 DEBUG [root] eventFilter watched=<PySide6.QtWidgets.QWidget(0x1edad3c3180) at 0x000001EDACC2DEC0> event_type=16
